<?xml version="1.0" encoding="UTF-8"?>
<!-- Generated by org.testng.reporters.JUnitReportReporter -->
<testsuite hostname="Groot" failures="0" tests="3" name="restaplearn.RestAPIGet" time="2.531" errors="0" timestamp="2025-10-31T02:17:00 IST" skipped="2">
  <testcase classname="restaplearn.RestAPIGet" name="putElementAPI" time="2.531"/>
  <testcase classname="restaplearn.RestAPIGet" name="getElementAPI">
    <skipped/>
  </testcase> <!-- getElementAPI -->
  <testcase classname="restaplearn.RestAPIGet" name="postElementAPI">
    <skipped/>
  </testcase> <!-- postElementAPI -->
</testsuite> <!-- restaplearn.RestAPIGet -->
